2023-05-02 16:42:25 INFO  LoggerUtil:13 - <------------------------------------------------------------------------------------------------->
2023-05-02 16:42:25 INFO  LoggerUtil:13 - <------------------------------------------------------------------------------------------------->
2023-05-02 16:42:25 INFO  LoggerUtil:13 - <---------------------------TESTCASE START : Search feature--------------------------->
2023-05-02 16:42:25 INFO  LoggerUtil:13 - <------------------------------------------------------------------------------------------------->
2023-05-02 16:42:25 INFO  LoggerUtil:13 - <------------------------------------------------------------------------------------------------->
2023-05-02 16:42:25 INFO  LoggerUtil:13 - <------------------------------------------------------------------------------------------------->
2023-05-02 16:42:25 INFO  LoggerUtil:13 - <------------------------------------------------------------------------------------------------->
2023-05-02 16:42:25 INFO  LoggerUtil:13 - <---------------------------TESTCASE END : Search feature--------------------------->
2023-05-02 16:42:25 INFO  LoggerUtil:13 - <------------------------------------------------------------------------------------------------->
2023-05-02 16:42:25 INFO  LoggerUtil:13 - <------------------------------------------------------------------------------------------------->
2023-05-02 16:42:29 INFO  LoggerUtil:13 - Successfully navigated to page: https://www.amazon.in/
2023-05-02 16:43:01 INFO  LoggerUtil:13 - <------------------------------------------------------------------------------------------------->
2023-05-02 16:43:01 INFO  LoggerUtil:13 - <------------------------------------------------------------------------------------------------->
2023-05-02 16:43:01 INFO  LoggerUtil:13 - <---------------------------TESTCASE START : Search feature--------------------------->
2023-05-02 16:43:01 INFO  LoggerUtil:13 - <------------------------------------------------------------------------------------------------->
2023-05-02 16:43:01 INFO  LoggerUtil:13 - <------------------------------------------------------------------------------------------------->
2023-05-02 16:43:01 INFO  LoggerUtil:13 - <------------------------------------------------------------------------------------------------->
2023-05-02 16:43:01 INFO  LoggerUtil:13 - <------------------------------------------------------------------------------------------------->
2023-05-02 16:43:01 INFO  LoggerUtil:13 - <---------------------------TESTCASE END : Search feature--------------------------->
2023-05-02 16:43:01 INFO  LoggerUtil:13 - <------------------------------------------------------------------------------------------------->
2023-05-02 16:43:01 INFO  LoggerUtil:13 - <------------------------------------------------------------------------------------------------->
2023-05-02 16:43:06 INFO  LoggerUtil:13 - Successfully navigated to page: https://www.amazon.in/
2023-05-02 16:43:07 INFO  LoggerUtil:13 - Value 'Watches' is set on field Search bar
2023-05-02 16:43:07 INFO  LoggerUtil:13 - Current page url: https://www.amazon.in/
2023-05-02 16:43:08 INFO  LoggerUtil:13 - <------------------------------------------------------------------------------------------------->
2023-05-02 16:43:08 INFO  LoggerUtil:13 - <------------------------------------------------------------------------------------------------->
2023-05-02 16:43:08 INFO  LoggerUtil:13 - <---------------------------TESTCASE START : Search feature--------------------------->
2023-05-02 16:43:08 INFO  LoggerUtil:13 - <------------------------------------------------------------------------------------------------->
2023-05-02 16:43:08 INFO  LoggerUtil:13 - <------------------------------------------------------------------------------------------------->
2023-05-02 16:43:08 INFO  LoggerUtil:13 - <------------------------------------------------------------------------------------------------->
2023-05-02 16:43:08 INFO  LoggerUtil:13 - <------------------------------------------------------------------------------------------------->
2023-05-02 16:43:08 INFO  LoggerUtil:13 - <---------------------------TESTCASE END : Search feature--------------------------->
2023-05-02 16:43:08 INFO  LoggerUtil:13 - <------------------------------------------------------------------------------------------------->
2023-05-02 16:43:08 INFO  LoggerUtil:13 - <------------------------------------------------------------------------------------------------->
2023-05-02 16:43:13 INFO  LoggerUtil:13 - Successfully navigated to page: https://www.amazon.in/
2023-05-02 16:43:14 INFO  LoggerUtil:13 - Value 'HandBags' is set on field Search bar
2023-05-02 16:43:14 INFO  LoggerUtil:13 - Current page url: https://www.amazon.in/
2023-05-02 16:43:15 INFO  LoggerUtil:13 - <------------------------------------------------------------------------------------------------->
2023-05-02 16:43:15 INFO  LoggerUtil:13 - <------------------------------------------------------------------------------------------------->
2023-05-02 16:43:15 INFO  LoggerUtil:13 - <---------------------------TESTCASE START : Verify login page--------------------------->
2023-05-02 16:43:15 INFO  LoggerUtil:13 - <------------------------------------------------------------------------------------------------->
2023-05-02 16:43:15 INFO  LoggerUtil:13 - <------------------------------------------------------------------------------------------------->
2023-05-02 16:43:15 INFO  LoggerUtil:13 - <------------------------------------------------------------------------------------------------->
2023-05-02 16:43:15 INFO  LoggerUtil:13 - <------------------------------------------------------------------------------------------------->
2023-05-02 16:43:15 INFO  LoggerUtil:13 - <---------------------------TESTCASE END : Verify login page--------------------------->
2023-05-02 16:43:15 INFO  LoggerUtil:13 - <------------------------------------------------------------------------------------------------->
2023-05-02 16:43:15 INFO  LoggerUtil:13 - <------------------------------------------------------------------------------------------------->
2023-05-02 16:43:21 INFO  LoggerUtil:13 - Successfully navigated to page: https://www.amazon.in/
2023-05-02 16:43:22 INFO  LoggerUtil:13 - Page title: Online Shopping site in India: Shop Online for Mobiles, Books, Watches, Shoes and More - Amazon.in
2023-05-02 16:43:23 INFO  LoggerUtil:13 - Clicked on button: Sign in link
2023-05-02 16:43:23 INFO  LoggerUtil:13 - Page title: Amazon Sign In
2023-05-02 16:43:23 INFO  LoggerUtil:13 - Page title: Amazon Sign In
2023-05-02 16:43:33 INFO  LoggerUtil:13 - Sign In Help text element is displayed
2023-05-02 16:43:33 INFO  LoggerUtil:13 - Email or mobile phone number Input box element is displayed
2023-05-02 16:43:33 INFO  LoggerUtil:13 - Continue Button element is displayed
